<?xml version="1.0" encoding="UTF-8"?>
<testng-results ignored="0" total="1" passed="1" failed="0" skipped="0">
  <reporter-output>
  </reporter-output>
  <suite started-at="2024-04-18T14:44:29 IST" name="Default suite" finished-at="2024-04-18T14:44:49 IST" duration-ms="19681">
    <groups>
    </groups>
    <test started-at="2024-04-18T14:44:29 IST" name="Default test" finished-at="2024-04-18T14:44:49 IST" duration-ms="19681">
      <class name="Qspiderdemoapps.HeadlessBrowser">
        <test-method signature="withoutBrowser()[pri:0, instance:Qspiderdemoapps.HeadlessBrowser@506ae4d4]" started-at="2024-04-18T14:44:29 IST" name="withoutBrowser" finished-at="2024-04-18T14:44:49 IST" duration-ms="19608" status="PASS">
          <reporter-output>
          </reporter-output>
        </test-method> <!-- withoutBrowser -->
      </class> <!-- Qspiderdemoapps.HeadlessBrowser -->
    </test> <!-- Default test -->
  </suite> <!-- Default suite -->
</testng-results>
